Arguments: 
  /usr/local/bin/node /usr/local/bin/yarn install

PATH: 
  /home/jcrisp/.vscode-server/bin/6cba118ac49a1b88332f312a8f67186f7f3c1643/bin:/home/linuxbrew/.linuxbrew/bin:/home/linuxbrew/.linuxbrew/sbin:/usr/local/sbin:/usr/local/bin:/usr/sbin:/usr/bin:/sbin:/bin:/usr/games:/usr/local/games:/mnt/c/Program Files (x86)/Razer Chroma SDK/bin:/mnt/c/Program Files/Razer Chroma SDK/bin:/mnt/c/Program Files (x86)/Razer/ChromaBroadcast/bin:/mnt/c/Program Files/Razer/ChromaBroadcast/bin:/mnt/c/Windows/system32:/mnt/c/Windows:/mnt/c/Windows/System32/Wbem:/mnt/c/Windows/System32/WindowsPowerShell/v1.0/:/mnt/c/Windows/System32/OpenSSH/:/mnt/c/Program Files (x86)/NVIDIA Corporation/PhysX/Common:/mnt/c/Program Files/NVIDIA Corporation/NVIDIA NvDLISR:/mnt/c/Program Files/dotnet/:/mnt/c/Program Files/Microsoft SQL Server/130/Tools/Binn/:/mnt/c/Program Files/Microsoft SQL Server/Client SDK/ODBC/170/Tools/Binn/:/mnt/c/Users/justc/AppData/Local/Microsoft/WindowsApps:/mnt/c/Users/justc/.dotnet/tools:/mnt/c/Users/justc/AppData/Local/Programs/Microsoft VS Code/bin:/mnt/c/Program Files/Docker/Docker/resources/bin:/mnt/c/ProgramData/DockerDesktop/version-bin:/snap/bin

Yarn version: 
  1.22.13

Node version: 
  16.13.0

Platform: 
  linux x64

Trace: 
  SyntaxError: /home/jcrisp/projects/jcrisp-unity-test/server/package.json: Unexpected token } in JSON at position 405
      at JSON.parse (<anonymous>)
      at /usr/local/lib/node_modules/yarn/lib/cli.js:1625:59
      at Generator.next (<anonymous>)
      at step (/usr/local/lib/node_modules/yarn/lib/cli.js:310:30)
      at /usr/local/lib/node_modules/yarn/lib/cli.js:321:13

npm manifest: 
  {
    "name": "server",
    "version": "1.0.0",
    "main": "index.js",
    "license": "MIT",
    "scripts": {
      "dev": "ts-node-dev src/index.ts"
    },
    "dependencies": {
      "bcrypt": "^5.0.1",
      "cookie-parser": "^1.4.5",
      "dayjs": "^1.10.7",
      "dotenv": "^9.0.2",
      "express": "^4.17.1",
      "jsonwebtoken": "^8.5.1",
      "morgan": "^1.10.0",
      "node-fetch": "^2.6.1",
      "mongoose": "^6.0.12",
    },
    "devDependencies": {
      "@types/bcrypt": "^5.0.0",
      "@types/cors": "^2.8.12",
      "@types/express": "^4.17.13",
      "@types/jsonwebtoken": "^8.5.5",
      "@types/node": "^16.11.6",
      "@types/node-fetch": "^2.5.10",
      "@types/cookie-parser": "^1.4.2",
      "@types/morgan": "^1.9.2",
      "@types/dotenv": "^8.2.0",
      "ts-node-dev": "^1.1.8",
      "typescript": "^4.4.4"
    }
  }

yarn manifest: 
  No manifest

Lockfile: 
  No lockfile
